<?xml version="1.0" encoding="UTF-8"?>
<testng-results ignored="0" total="1" passed="1" failed="0" skipped="0">
  <reporter-output>
  </reporter-output>
  <suite started-at="2021-03-06T18:33:49 CST" name="Surefire suite" finished-at="2021-03-06T18:33:49 CST" duration-ms="143">
    <groups>
    </groups>
    <test started-at="2021-03-06T18:33:49 CST" name="Surefire test" finished-at="2021-03-06T18:33:49 CST" duration-ms="143">
      <class name="org.automation.AppTest">
        <test-method signature="shouldAnswerWithTrue()" started-at="2021-03-06T18:33:49 CST" name="shouldAnswerWithTrue" finished-at="2021-03-06T18:33:49 CST" duration-ms="25" status="PASS">
          <reporter-output>
          </reporter-output>
        </test-method> <!-- shouldAnswerWithTrue -->
      </class> <!-- org.automation.AppTest -->
    </test> <!-- Surefire test -->
  </suite> <!-- Surefire suite -->
</testng-results>
